Traceback (most recent call last):
  File "/sfs/gpfs/tardis/home/ezq9qu/DS6050/multi_plant_id/main/main.py", line 32, in <module>
    from data_loader import SinglePlantDataLoader
ModuleNotFoundError: No module named 'data_loader'

During handling of the above exception, another exception occurred:

Traceback (most recent call last):
  File "/sfs/gpfs/tardis/home/ezq9qu/DS6050/multi_plant_id/main/main.py", line 36, in <module>
    from loading.data_loader import SinglePlantDataLoader
ModuleNotFoundError: No module named 'loading'
